Determining if the pthread_create exist failed with the following output:
Change Dir: /home/student/SDC/team/sis/CarND-SoftDrive/ros/build/CMakeFiles/CMakeTmp

Run Build Command:"/usr/bin/make" "cmTC_15e58/fast"
/usr/bin/make -f CMakeFiles/cmTC_15e58.dir/build.make CMakeFiles/cmTC_15e58.dir/build
make[1]: Entering directory '/home/student/SDC/team/sis/CarND-SoftDrive/ros/build/CMakeFiles/CMakeTmp'
Building C object CMakeFiles/cmTC_15e58.dir/CheckSymbolExists.c.o
/usr/bin/cc     -o CMakeFiles/cmTC_15e58.dir/CheckSymbolExists.c.o   -c /home/student/SDC/team/sis/CarND-SoftDrive/ros/build/CMakeFiles/CMakeTmp/CheckSymbolExists.c
Linking C executable cmTC_15e58
/usr/bin/cmake -E cmake_link_script CMakeFiles/cmTC_15e58.dir/link.txt --verbose=1
/usr/bin/cc       CMakeFiles/cmTC_15e58.dir/CheckSymbolExists.c.o  -o cmTC_15e58 -rdynamic 
CMakeFiles/cmTC_15e58.dir/CheckSymbolExists.c.o: In function `main':
CheckSymbolExists.c:(.text+0x16): undefined reference to `pthread_create'
collect2: error: ld returned 1 exit status
CMakeFiles/cmTC_15e58.dir/build.make:97: recipe for target 'cmTC_15e58' failed
make[1]: *** [cmTC_15e58] Error 1
make[1]: Leaving directory '/home/student/SDC/team/sis/CarND-SoftDrive/ros/build/CMakeFiles/CMakeTmp'
Makefile:126: recipe for target 'cmTC_15e58/fast' failed
make: *** [cmTC_15e58/fast] Error 2

File /home/student/SDC/team/sis/CarND-SoftDrive/ros/build/CMakeFiles/CMakeTmp/CheckSymbolExists.c:
/* */
#include <pthread.h>

int main(int argc, char** argv)
{
  (void)argv;
#ifndef pthread_create
  return ((int*)(&pthread_create))[argc];
#else
  (void)argc;
  return 0;
#endif
}

Determining if the function pthread_create exists in the pthreads failed with the following output:
Change Dir: /home/student/SDC/team/sis/CarND-SoftDrive/ros/build/CMakeFiles/CMakeTmp

Run Build Command:"/usr/bin/make" "cmTC_cf058/fast"
/usr/bin/make -f CMakeFiles/cmTC_cf058.dir/build.make CMakeFiles/cmTC_cf058.dir/build
make[1]: Entering directory '/home/student/SDC/team/sis/CarND-SoftDrive/ros/build/CMakeFiles/CMakeTmp'
Building C object CMakeFiles/cmTC_cf058.dir/CheckFunctionExists.c.o
/usr/bin/cc    -DCHECK_FUNCTION_EXISTS=pthread_create   -o CMakeFiles/cmTC_cf058.dir/CheckFunctionExists.c.o   -c /usr/share/cmake-3.5/Modules/CheckFunctionExists.c
Linking C executable cmTC_cf058
/usr/bin/cmake -E cmake_link_script CMakeFiles/cmTC_cf058.dir/link.txt --verbose=1
/usr/bin/cc   -DCHECK_FUNCTION_EXISTS=pthread_create    CMakeFiles/cmTC_cf058.dir/CheckFunctionExists.c.o  -o cmTC_cf058 -rdynamic -lpthreads 
/usr/bin/ld: cannot find -lpthreads
collect2: error: ld returned 1 exit status
CMakeFiles/cmTC_cf058.dir/build.make:97: recipe for target 'cmTC_cf058' failed
make[1]: *** [cmTC_cf058] Error 1
make[1]: Leaving directory '/home/student/SDC/team/sis/CarND-SoftDrive/ros/build/CMakeFiles/CMakeTmp'
Makefile:126: recipe for target 'cmTC_cf058/fast' failed
make: *** [cmTC_cf058/fast] Error 2


